<testsuites id="" name="" tests="7" failures="0" skipped="0" errors="0" time="46.115514000000005">
<testsuite name="black-box\NotificationsTest\notifications-simple.spec.ts" timestamp="2025-10-28T02:09:21.226Z" hostname="notifications-simple" tests="2" failures="0" skipped="0" time="2.078" errors="0">
<testcase name="NOTIFICATIONS MODULE - SIMPLE TESTS › Crear notificación simple" classname="black-box\NotificationsTest\notifications-simple.spec.ts" time="1.425">
</testcase>
<testcase name="NOTIFICATIONS MODULE - SIMPLE TESTS › Listar notificaciones" classname="black-box\NotificationsTest\notifications-simple.spec.ts" time="0.653">
</testcase>
</testsuite>
<testsuite name="black-box\RolesTest\roles-simple.spec.ts" timestamp="2025-10-28T02:09:21.226Z" hostname="roles-simple" tests="1" failures="0" skipped="0" time="1.006" errors="0">
<testcase name="ROLES MODULE - SIMPLE TESTS › Listar roles" classname="black-box\RolesTest\roles-simple.spec.ts" time="1.006">
</testcase>
</testsuite>
<testsuite name="black-box\UsersTest\users-simple.spec.ts" timestamp="2025-10-28T02:09:21.226Z" hostname="users-simple" tests="2" failures="0" skipped="0" time="1.906" errors="0">
<testcase name="USERS MODULE - SIMPLE TESTS › Listar usuarios" classname="black-box\UsersTest\users-simple.spec.ts" time="1.281">
</testcase>
<testcase name="USERS MODULE - SIMPLE TESTS › Obtener perfil propio" classname="black-box\UsersTest\users-simple.spec.ts" time="0.625">
</testcase>
</testsuite>
<testsuite name="black-box\AuditTest\audit-simple.spec.ts" timestamp="2025-10-28T02:09:21.226Z" hostname="audit-simple" tests="2" failures="0" skipped="0" time="1.527" errors="0">
<testcase name="AUDIT MODULE - SIMPLE TESTS › Listar registros de auditoría" classname="black-box\AuditTest\audit-simple.spec.ts" time="0.953">
</testcase>
<testcase name="AUDIT MODULE - SIMPLE TESTS › Obtener estadísticas de auditoría" classname="black-box\AuditTest\audit-simple.spec.ts" time="0.574">
</testcase>
</testsuite>
</testsuites>